[0624/165136.704:ERROR:process_memory_win.cc(73)] ReadMemory at 0x7ff665720000 of 64 bytes failed: Only part of a ReadProcessMemory or WriteProcessMemory request was completed. (0x12B)
[0624/165136.724:WARNING:pe_image_reader.cc(340)] could not read dos header from C:\Program Files (x86)\Google\Chrome\Application\chrome.exe
[0624/165136.724:ERROR:process_memory_win.cc(73)] ReadMemory at 0x7ffd36240000 of 64 bytes failed: Only part of a ReadProcessMemory or WriteProcessMemory request was completed. (0x12B)
[0624/165136.724:WARNING:pe_image_reader.cc(340)] could not read dos header from C:\WINDOWS\SYSTEM32\ntdll.dll
[0624/165136.724:ERROR:process_memory_win.cc(73)] ReadMemory at 0x7ffd34680000 of 64 bytes failed: Only part of a ReadProcessMemory or WriteProcessMemory request was completed. (0x12B)
[0624/165136.725:WARNING:pe_image_reader.cc(340)] could not read dos header from C:\WINDOWS\System32\KERNEL32.DLL
[0624/165136.725:ERROR:process_memory_win.cc(73)] ReadMemory at 0x7ffd340c0000 of 64 bytes failed: Only part of a ReadProcessMemory or WriteProcessMemory request was completed. (0x12B)
[0624/165136.725:WARNING:pe_image_reader.cc(340)] could not read dos header from C:\WINDOWS\System32\KERNELBASE.dll
[0624/165136.725:ERROR:process_memory_win.cc(73)] ReadMemory at 0x7ffcffd10000 of 64 bytes failed: Only part of a ReadProcessMemory or WriteProcessMemory request was completed. (0x12B)
[0624/165136.725:WARNING:pe_image_reader.cc(340)] could not read dos header from C:\Program Files (x86)\Google\Chrome\Application\83.0.4103.116\chrome_elf.dll
[0624/165136.725:ERROR:process_memory_win.cc(73)] ReadMemory at 0x7ffd2bf70000 of 64 bytes failed: Only part of a ReadProcessMemory or WriteProcessMemory request was completed. (0x12B)
[0624/165136.725:WARNING:pe_image_reader.cc(340)] could not read dos header from C:\WINDOWS\SYSTEM32\VERSION.dll
[0624/165136.725:ERROR:process_memory_win.cc(73)] ReadMemory at 0x7ffd35ee0000 of 64 bytes failed: Only part of a ReadProcessMemory or WriteProcessMemory request was completed. (0x12B)
[0624/165136.725:WARNING:pe_image_reader.cc(340)] could not read dos header from C:\WINDOWS\System32\msvcrt.dll
[0624/165136.725:ERROR:process_memory_win.cc(73)] ReadMemory at 0x7ffd332b0000 of 64 bytes failed: Only part of a ReadProcessMemory or WriteProcessMemory request was completed. (0x12B)
[0624/165136.725:WARNING:pe_image_reader.cc(340)] could not read dos header from C:\WINDOWS\System32\bcryptPrimitives.dll
[0624/165136.725:ERROR:process_memory_win.cc(73)] ReadMemory at 0x7ffd34470000 of 64 bytes failed: Only part of a ReadProcessMemory or WriteProcessMemory request was completed. (0x12B)
[0624/165136.725:WARNING:pe_image_reader.cc(340)] could not read dos header from C:\WINDOWS\System32\ADVAPI32.dll
[0624/165136.725:ERROR:process_memory_win.cc(73)] ReadMemory at 0x7ffd343d0000 of 64 bytes failed: Only part of a ReadProcessMemory or WriteProcessMemory request was completed. (0x12B)
[0624/165136.725:WARNING:pe_image_reader.cc(340)] could not read dos header from C:\WINDOWS\System32\sechost.dll
[0624/165136.725:ERROR:process_memory_win.cc(73)] ReadMemory at 0x7ffd35060000 of 64 bytes failed: Only part of a ReadProcessMemory or WriteProcessMemory request was completed. (0x12B)
[0624/165136.725:WARNING:pe_image_reader.cc(340)] could not read dos header from C:\WINDOWS\System32\RPCRT4.dll
[0624/165136.725:ERROR:process_memory_win.cc(73)] ReadMemory at 0x7ffccdf40000 of 64 bytes failed: Only part of a ReadProcessMemory or WriteProcessMemory request was completed. (0x12B)
[0624/165136.725:WARNING:pe_image_reader.cc(340)] could not read dos header from C:\Program Files (x86)\Google\Chrome\Application\83.0.4103.116\chrome.dll
[0624/165136.725:ERROR:process_memory_win.cc(73)] ReadMemory at 0x7ffd356e0000 of 64 bytes failed: Only part of a ReadProcessMemory or WriteProcessMemory request was completed. (0x12B)
[0624/165136.725:WARNING:pe_image_reader.cc(340)] could not read dos header from C:\WINDOWS\System32\WS2_32.dll
[0624/165136.726:ERROR:process_memory_win.cc(73)] ReadMemory at 0x7ffd34f90000 of 64 bytes failed: Only part of a ReadProcessMemory or WriteProcessMemory request was completed. (0x12B)
[0624/165136.726:WARNING:pe_image_reader.cc(340)] could not read dos header from C:\WINDOWS\System32\OLEAUT32.dll
[0624/165136.726:ERROR:process_memory_win.cc(73)] ReadMemory at 0x7ffd336a0000 of 64 bytes failed: Only part of a ReadProcessMemory or WriteProcessMemory request was completed. (0x12B)
[0624/165136.726:WARNING:pe_image_reader.cc(340)] could not read dos header from C:\WINDOWS\System32\msvcp_win.dll
[0624/165136.726:ERROR:process_memory_win.cc(73)] ReadMemory at 0x7ffd33550000 of 64 bytes failed: Only part of a ReadProcessMemory or WriteProcessMemory request was completed. (0x12B)
[0624/165136.726:WARNING:pe_image_reader.cc(340)] could not read dos header from C:\WINDOWS\System32\ucrtbase.dll
[0624/165136.726:ERROR:process_memory_win.cc(73)] ReadMemory at 0x7ffd35180000 of 64 bytes failed: Only part of a ReadProcessMemory or WriteProcessMemory request was completed. (0x12B)
[0624/165136.726:WARNING:pe_image_reader.cc(340)] could not read dos header from C:\WINDOWS\System32\combase.dll
[0624/165136.726:ERROR:process_memory_win.cc(73)] ReadMemory at 0x7ffd34370000 of 64 bytes failed: Only part of a ReadProcessMemory or WriteProcessMemory request was completed. (0x12B)
[0624/165136.726:WARNING:pe_image_reader.cc(340)] could not read dos header from C:\WINDOWS\System32\WINTRUST.dll
[0624/165136.726:ERROR:process_memory_win.cc(73)] ReadMemory at 0x7ffd33260000 of 64 bytes failed: Only part of a ReadProcessMemory or WriteProcessMemory request was completed. (0x12B)
[0624/165136.726:WARNING:pe_image_reader.cc(340)] could not read dos header from C:\WINDOWS\System32\MSASN1.dll
[0624/165136.726:ERROR:process_memory_win.cc(73)] ReadMemory at 0x7ffd337f0000 of 64 bytes failed: Only part of a ReadProcessMemory or WriteProcessMemory request was completed. (0x12B)
[0624/165136.726:WARNING:pe_image_reader.cc(340)] could not read dos header from C:\WINDOWS\System32\CRYPT32.dll
[0624/165136.726:ERROR:process_memory_win.cc(73)] ReadMemory at 0x7ffd32700000 of 64 bytes failed: Only part of a ReadProcessMemory or WriteProcessMemory request was completed. (0x12B)
[0624/165136.726:WARNING:pe_image_reader.cc(340)] could not read dos header from C:\WINDOWS\SYSTEM32\IPHLPAPI.DLL
[0624/165136.726:ERROR:process_memory_win.cc(73)] ReadMemory at 0x7ffd30500000 of 64 bytes failed: Only part of a ReadProcessMemory or WriteProcessMemory request was completed. (0x12B)
[0624/165136.726:WARNING:pe_image_reader.cc(340)] could not read dos header from C:\WINDOWS\SYSTEM32\WINMM.dll
[0624/165136.726:ERROR:process_memory_win.cc(73)] ReadMemory at 0x7ffd2e5c0000 of 64 bytes failed: Only part of a ReadProcessMemory or WriteProcessMemory request was completed. (0x12B)
[0624/165136.726:WARNING:pe_image_reader.cc(340)] could not read dos header from C:\WINDOWS\SYSTEM32\Secur32.dll
[0624/165136.726:ERROR:process_memory_win.cc(73)] ReadMemory at 0x7ffd33100000 of 64 bytes failed: Only part of a ReadProcessMemory or WriteProcessMemory request was completed. (0x12B)
[0624/165136.726:WARNING:pe_image_reader.cc(340)] could not read dos header from C:\WINDOWS\SYSTEM32\USERENV.dll
[0624/165136.727:ERROR:process_memory_win.cc(73)] ReadMemory at 0x7ffd33280000 of 64 bytes failed: Only part of a ReadProcessMemory or WriteProcessMemory request was completed. (0x12B)
[0624/165136.727:WARNING:pe_image_reader.cc(340)] could not read dos header from C:\WINDOWS\System32\profapi.dll
[0624/165136.727:ERROR:process_memory_win.cc(73)] ReadMemory at 0x7ffd08030000 of 64 bytes failed: Only part of a ReadProcessMemory or WriteProcessMemory request was completed. (0x12B)
[0624/165136.727:WARNING:pe_image_reader.cc(340)] could not read dos header from C:\WINDOWS\SYSTEM32\UIAutomationCore.DLL
[0624/165136.727:ERROR:process_memory_win.cc(73)] ReadMemory at 0x7ffd1d550000 of 64 bytes failed: Only part of a ReadProcessMemory or WriteProcessMemory request was completed. (0x12B)
[0624/165136.727:WARNING:pe_image_reader.cc(340)] could not read dos header from C:\WINDOWS\SYSTEM32\DWrite.dll
[0624/165136.727:ERROR:process_memory_win.cc(73)] ReadMemory at 0x7ffd259d0000 of 64 bytes failed: Only part of a ReadProcessMemory or WriteProcessMemory request was completed. (0x12B)
[0624/165136.727:WARNING:pe_image_reader.cc(340)] could not read dos header from C:\WINDOWS\SYSTEM32\WINSPOOL.DRV
[0624/165136.727:ERROR:process_memory_win.cc(73)] ReadMemory at 0x7ffd331f0000 of 64 bytes failed: Only part of a ReadProcessMemory or WriteProcessMemory request was completed. (0x12B)
[0624/165136.727:WARNING:pe_image_reader.cc(340)] could not read dos header from C:\WINDOWS\System32\kernel.appcore.dll
[0624/165136.727:ERROR:process_memory_win.cc(73)] ReadMemory at 0x7ffd33520000 of 64 bytes failed: Only part of a ReadProcessMemory or WriteProcessMemory request was completed. (0x12B)
[0624/165136.727:WARNING:pe_image_reader.cc(340)] could not read dos header from C:\WINDOWS\System32\bcrypt.dll
[0624/165136.727:ERROR:process_memory_win.cc(73)] ReadMemory at 0x7ffd31ab0000 of 64 bytes failed: Only part of a ReadProcessMemory or WriteProcessMemory request was completed. (0x12B)
[0624/165136.727:WARNING:pe_image_reader.cc(340)] could not read dos header from C:\WINDOWS\SYSTEM32\dbghelp.dll
[0624/165136.727:ERROR:process_memory_win.cc(73)] ReadMemory at 0x7ffd2b2b0000 of 64 bytes failed: Only part of a ReadProcessMemory or WriteProcessMemory request was completed. (0x12B)
[0624/165136.727:WARNING:pe_image_reader.cc(340)] could not read dos header from C:\WINDOWS\SYSTEM32\WINHTTP.dll
[0624/165136.727:ERROR:process_memory_win.cc(73)] ReadMemory at 0x7ffd2a350000 of 64 bytes failed: Only part of a ReadProcessMemory or WriteProcessMemory request was completed. (0x12B)
[0624/165136.727:WARNING:pe_image_reader.cc(340)] could not read dos header from C:\WINDOWS\SYSTEM32\dhcpcsvc.DLL
[0624/165136.727:ERROR:process_memory_win.cc(73)] ReadMemory at 0x7ffd36120000 of 64 bytes failed: Only part of a ReadProcessMemory or WriteProcessMemory request was completed. (0x12B)
[0624/165136.727:WARNING:pe_image_reader.cc(340)] could not read dos header from C:\WINDOWS\System32\NSI.dll
[0624/165136.727:ERROR:process_memory_win.cc(73)] ReadMemory at 0x7ffd304d0000 of 64 bytes failed: Only part of a ReadProcessMemory or WriteProcessMemory request was completed. (0x12B)
[0624/165136.727:WARNING:pe_image_reader.cc(340)] could not read dos header from C:\WINDOWS\SYSTEM32\WINMMBASE.dll
[0624/165136.728:ERROR:process_memory_win.cc(73)] ReadMemory at 0x7ffd334d0000 of 64 bytes failed: Only part of a ReadProcessMemory or WriteProcessMemory request was completed. (0x12B)
[0624/165136.728:WARNING:pe_image_reader.cc(340)] could not read dos header from C:\WINDOWS\System32\cfgmgr32.dll
[0624/165136.728:ERROR:process_memory_win.cc(73)] ReadMemory at 0x7ffd315e0000 of 64 bytes failed: Only part of a ReadProcessMemory or WriteProcessMemory request was completed. (0x12B)
[0624/165136.728:WARNING:pe_image_reader.cc(340)] could not read dos header from C:\WINDOWS\SYSTEM32\PROPSYS.dll
[0624/165136.728:ERROR:process_memory_win.cc(73)] ReadMemory at 0x7ffd35630000 of 64 bytes failed: Only part of a ReadProcessMemory or WriteProcessMemory request was completed. (0x12B)
[0624/165136.728:WARNING:pe_image_reader.cc(340)] could not read dos header from C:\WINDOWS\System32\shcore.dll
[0624/165136.728:ERROR:process_memory_win.cc(73)] ReadMemory at 0x7ffd330d0000 of 64 bytes failed: Only part of a ReadProcessMemory or WriteProcessMemory request was completed. (0x12B)
[0624/165136.728:WARNING:pe_image_reader.cc(340)] could not read dos header from C:\WINDOWS\SYSTEM32\SSPICLI.DLL
[0624/165136.728:ERROR:process_memory_win.cc(73)] ReadMemory at 0x7ffd32bc0000 of 64 bytes failed: Only part of a ReadProcessMemory or WriteProcessMemory request was completed. (0x12B)
[0624/165136.728:WARNING:pe_image_reader.cc(340)] could not read dos header from C:\WINDOWS\SYSTEM32\CRYPTBASE.DLL
[0624/165136.758:ERROR:process_memory_win.cc(73)] ReadMemory at 0x7ff665720000 of 64 bytes failed: Only part of a ReadProcessMemory or WriteProcessMemory request was completed. (0x12B)
[0624/165136.758:WARNING:pe_image_reader.cc(340)] could not read dos header from C:\Program Files (x86)\Google\Chrome\Application\chrome.exe
[0624/165136.758:ERROR:process_memory_win.cc(73)] ReadMemory at 0x7ffd36240000 of 64 bytes failed: Only part of a ReadProcessMemory or WriteProcessMemory request was completed. (0x12B)
[0624/165136.758:WARNING:pe_image_reader.cc(340)] could not read dos header from C:\WINDOWS\SYSTEM32\ntdll.dll
[0624/165136.758:ERROR:process_memory_win.cc(73)] ReadMemory at 0x7ffd34680000 of 64 bytes failed: Only part of a ReadProcessMemory or WriteProcessMemory request was completed. (0x12B)
[0624/165136.758:WARNING:pe_image_reader.cc(340)] could not read dos header from C:\WINDOWS\System32\KERNEL32.DLL
[0624/165136.758:ERROR:process_memory_win.cc(73)] ReadMemory at 0x7ffd340c0000 of 64 bytes failed: Only part of a ReadProcessMemory or WriteProcessMemory request was completed. (0x12B)
[0624/165136.758:WARNING:pe_image_reader.cc(340)] could not read dos header from C:\WINDOWS\System32\KERNELBASE.dll
[0624/165136.758:ERROR:process_memory_win.cc(73)] ReadMemory at 0x7ffcffd10000 of 64 bytes failed: Only part of a ReadProcessMemory or WriteProcessMemory request was completed. (0x12B)
[0624/165136.758:WARNING:pe_image_reader.cc(340)] could not read dos header from C:\Program Files (x86)\Google\Chrome\Application\83.0.4103.116\chrome_elf.dll
[0624/165136.758:ERROR:process_memory_win.cc(73)] ReadMemory at 0x7ffd2bf70000 of 64 bytes failed: Only part of a ReadProcessMemory or WriteProcessMemory request was completed. (0x12B)
[0624/165136.758:WARNING:pe_image_reader.cc(340)] could not read dos header from C:\WINDOWS\SYSTEM32\VERSION.dll
[0624/165136.758:ERROR:process_memory_win.cc(73)] ReadMemory at 0x7ffd35ee0000 of 64 bytes failed: Only part of a ReadProcessMemory or WriteProcessMemory request was completed. (0x12B)
[0624/165136.758:WARNING:pe_image_reader.cc(340)] could not read dos header from C:\WINDOWS\System32\msvcrt.dll
[0624/165136.758:ERROR:process_memory_win.cc(73)] ReadMemory at 0x7ffd332b0000 of 64 bytes failed: Only part of a ReadProcessMemory or WriteProcessMemory request was completed. (0x12B)
[0624/165136.759:WARNING:pe_image_reader.cc(340)] could not read dos header from C:\WINDOWS\System32\bcryptPrimitives.dll
[0624/165136.759:ERROR:process_memory_win.cc(73)] ReadMemory at 0x7ffd34470000 of 64 bytes failed: Only part of a ReadProcessMemory or WriteProcessMemory request was completed. (0x12B)
[0624/165136.759:WARNING:pe_image_reader.cc(340)] could not read dos header from C:\WINDOWS\System32\ADVAPI32.dll
[0624/165136.759:ERROR:process_memory_win.cc(73)] ReadMemory at 0x7ffd343d0000 of 64 bytes failed: Only part of a ReadProcessMemory or WriteProcessMemory request was completed. (0x12B)
[0624/165136.759:WARNING:pe_image_reader.cc(340)] could not read dos header from C:\WINDOWS\System32\sechost.dll
[0624/165136.759:ERROR:process_memory_win.cc(73)] ReadMemory at 0x7ffd35060000 of 64 bytes failed: Only part of a ReadProcessMemory or WriteProcessMemory request was completed. (0x12B)
[0624/165136.759:WARNING:pe_image_reader.cc(340)] could not read dos header from C:\WINDOWS\System32\RPCRT4.dll
[0624/165136.759:ERROR:process_memory_win.cc(73)] ReadMemory at 0x7ffccdf40000 of 64 bytes failed: Only part of a ReadProcessMemory or WriteProcessMemory request was completed. (0x12B)
[0624/165136.759:WARNING:pe_image_reader.cc(340)] could not read dos header from C:\Program Files (x86)\Google\Chrome\Application\83.0.4103.116\chrome.dll
[0624/165136.759:ERROR:process_memory_win.cc(73)] ReadMemory at 0x7ffd356e0000 of 64 bytes failed: Only part of a ReadProcessMemory or WriteProcessMemory request was completed. (0x12B)
[0624/165136.759:WARNING:pe_image_reader.cc(340)] could not read dos header from C:\WINDOWS\System32\WS2_32.dll
[0624/165136.759:ERROR:process_memory_win.cc(73)] ReadMemory at 0x7ffd34f90000 of 64 bytes failed: Only part of a ReadProcessMemory or WriteProcessMemory request was completed. (0x12B)
[0624/165136.759:WARNING:pe_image_reader.cc(340)] could not read dos header from C:\WINDOWS\System32\OLEAUT32.dll
[0624/165136.759:ERROR:process_memory_win.cc(73)] ReadMemory at 0x7ffd336a0000 of 64 bytes failed: Only part of a ReadProcessMemory or WriteProcessMemory request was completed. (0x12B)
[0624/165136.759:WARNING:pe_image_reader.cc(340)] could not read dos header from C:\WINDOWS\System32\msvcp_win.dll
[0624/165136.759:ERROR:process_memory_win.cc(73)] ReadMemory at 0x7ffd33550000 of 64 bytes failed: Only part of a ReadProcessMemory or WriteProcessMemory request was completed. (0x12B)
[0624/165136.759:WARNING:pe_image_reader.cc(340)] could not read dos header from C:\WINDOWS\System32\ucrtbase.dll
[0624/165136.759:ERROR:process_memory_win.cc(73)] ReadMemory at 0x7ffd35180000 of 64 bytes failed: Only part of a ReadProcessMemory or WriteProcessMemory request was completed. (0x12B)
[0624/165136.759:WARNING:pe_image_reader.cc(340)] could not read dos header from C:\WINDOWS\System32\combase.dll
[0624/165136.759:ERROR:process_memory_win.cc(73)] ReadMemory at 0x7ffd34370000 of 64 bytes failed: Only part of a ReadProcessMemory or WriteProcessMemory request was completed. (0x12B)
[0624/165136.759:WARNING:pe_image_reader.cc(340)] could not read dos header from C:\WINDOWS\System32\WINTRUST.dll
[0624/165136.759:ERROR:process_memory_win.cc(73)] ReadMemory at 0x7ffd33260000 of 64 bytes failed: Only part of a ReadProcessMemory or WriteProcessMemory request was completed. (0x12B)
[0624/165136.760:WARNING:pe_image_reader.cc(340)] could not read dos header from C:\WINDOWS\System32\MSASN1.dll
[0624/165136.760:ERROR:process_memory_win.cc(73)] ReadMemory at 0x7ffd337f0000 of 64 bytes failed: Only part of a ReadProcessMemory or WriteProcessMemory request was completed. (0x12B)
[0624/165136.760:WARNING:pe_image_reader.cc(340)] could not read dos header from C:\WINDOWS\System32\CRYPT32.dll
[0624/165136.760:ERROR:process_memory_win.cc(73)] ReadMemory at 0x7ffd32700000 of 64 bytes failed: Only part of a ReadProcessMemory or WriteProcessMemory request was completed. (0x12B)
[0624/165136.760:WARNING:pe_image_reader.cc(340)] could not read dos header from C:\WINDOWS\SYSTEM32\IPHLPAPI.DLL
[0624/165136.760:ERROR:process_memory_win.cc(73)] ReadMemory at 0x7ffd30500000 of 64 bytes failed: Only part of a ReadProcessMemory or WriteProcessMemory request was completed. (0x12B)
[0624/165136.760:WARNING:pe_image_reader.cc(340)] could not read dos header from C:\WINDOWS\SYSTEM32\WINMM.dll
[0624/165136.760:ERROR:process_memory_win.cc(73)] ReadMemory at 0x7ffd2e5c0000 of 64 bytes failed: Only part of a ReadProcessMemory or WriteProcessMemory request was completed. (0x12B)
[0624/165136.760:WARNING:pe_image_reader.cc(340)] could not read dos header from C:\WINDOWS\SYSTEM32\Secur32.dll
[0624/165136.760:ERROR:process_memory_win.cc(73)] ReadMemory at 0x7ffd33100000 of 64 bytes failed: Only part of a ReadProcessMemory or WriteProcessMemory request was completed. (0x12B)
[0624/165136.760:WARNING:pe_image_reader.cc(340)] could not read dos header from C:\WINDOWS\SYSTEM32\USERENV.dll
[0624/165136.760:ERROR:process_memory_win.cc(73)] ReadMemory at 0x7ffd33280000 of 64 bytes failed: Only part of a ReadProcessMemory or WriteProcessMemory request was completed. (0x12B)
[0624/165136.760:WARNING:pe_image_reader.cc(340)] could not read dos header from C:\WINDOWS\System32\profapi.dll
[0624/165136.760:ERROR:process_memory_win.cc(73)] ReadMemory at 0x7ffd08030000 of 64 bytes failed: Only part of a ReadProcessMemory or WriteProcessMemory request was completed. (0x12B)
[0624/165136.760:WARNING:pe_image_reader.cc(340)] could not read dos header from C:\WINDOWS\SYSTEM32\UIAutomationCore.DLL
[0624/165136.760:ERROR:process_memory_win.cc(73)] ReadMemory at 0x7ffd1d550000 of 64 bytes failed: Only part of a ReadProcessMemory or WriteProcessMemory request was completed. (0x12B)
[0624/165136.760:WARNING:pe_image_reader.cc(340)] could not read dos header from C:\WINDOWS\SYSTEM32\DWrite.dll
[0624/165136.760:ERROR:process_memory_win.cc(73)] ReadMemory at 0x7ffd259d0000 of 64 bytes failed: Only part of a ReadProcessMemory or WriteProcessMemory request was completed. (0x12B)
[0624/165136.760:WARNING:pe_image_reader.cc(340)] could not read dos header from C:\WINDOWS\SYSTEM32\WINSPOOL.DRV
[0624/165136.760:ERROR:process_memory_win.cc(73)] ReadMemory at 0x7ffd331f0000 of 64 bytes failed: Only part of a ReadProcessMemory or WriteProcessMemory request was completed. (0x12B)
[0624/165136.760:WARNING:pe_image_reader.cc(340)] could not read dos header from C:\WINDOWS\System32\kernel.appcore.dll
[0624/165136.760:ERROR:process_memory_win.cc(73)] ReadMemory at 0x7ffd33520000 of 64 bytes failed: Only part of a ReadProcessMemory or WriteProcessMemory request was completed. (0x12B)
[0624/165136.760:WARNING:pe_image_reader.cc(340)] could not read dos header from C:\WINDOWS\System32\bcrypt.dll
[0624/165136.760:ERROR:process_memory_win.cc(73)] ReadMemory at 0x7ffd31ab0000 of 64 bytes failed: Only part of a ReadProcessMemory or WriteProcessMemory request was completed. (0x12B)
[0624/165136.761:WARNING:pe_image_reader.cc(340)] could not read dos header from C:\WINDOWS\SYSTEM32\dbghelp.dll
[0624/165136.761:ERROR:process_memory_win.cc(73)] ReadMemory at 0x7ffd2b2b0000 of 64 bytes failed: Only part of a ReadProcessMemory or WriteProcessMemory request was completed. (0x12B)
[0624/165136.761:WARNING:pe_image_reader.cc(340)] could not read dos header from C:\WINDOWS\SYSTEM32\WINHTTP.dll
[0624/165136.761:ERROR:process_memory_win.cc(73)] ReadMemory at 0x7ffd2a350000 of 64 bytes failed: Only part of a ReadProcessMemory or WriteProcessMemory request was completed. (0x12B)
[0624/165136.761:WARNING:pe_image_reader.cc(340)] could not read dos header from C:\WINDOWS\SYSTEM32\dhcpcsvc.DLL
[0624/165136.761:ERROR:process_memory_win.cc(73)] ReadMemory at 0x7ffd36120000 of 64 bytes failed: Only part of a ReadProcessMemory or WriteProcessMemory request was completed. (0x12B)
[0624/165136.761:WARNING:pe_image_reader.cc(340)] could not read dos header from C:\WINDOWS\System32\NSI.dll
[0624/165136.761:ERROR:process_memory_win.cc(73)] ReadMemory at 0x7ffd304d0000 of 64 bytes failed: Only part of a ReadProcessMemory or WriteProcessMemory request was completed. (0x12B)
[0624/165136.761:WARNING:pe_image_reader.cc(340)] could not read dos header from C:\WINDOWS\SYSTEM32\WINMMBASE.dll
[0624/165136.761:ERROR:process_memory_win.cc(73)] ReadMemory at 0x7ffd334d0000 of 64 bytes failed: Only part of a ReadProcessMemory or WriteProcessMemory request was completed. (0x12B)
[0624/165136.761:WARNING:pe_image_reader.cc(340)] could not read dos header from C:\WINDOWS\System32\cfgmgr32.dll
[0624/165136.761:ERROR:process_memory_win.cc(73)] ReadMemory at 0x7ffd315e0000 of 64 bytes failed: Only part of a ReadProcessMemory or WriteProcessMemory request was completed. (0x12B)
[0624/165136.761:WARNING:pe_image_reader.cc(340)] could not read dos header from C:\WINDOWS\SYSTEM32\PROPSYS.dll
[0624/165136.761:ERROR:process_memory_win.cc(73)] ReadMemory at 0x7ffd35630000 of 64 bytes failed: Only part of a ReadProcessMemory or WriteProcessMemory request was completed. (0x12B)
[0624/165136.761:WARNING:pe_image_reader.cc(340)] could not read dos header from C:\WINDOWS\System32\shcore.dll
[0624/165136.761:ERROR:process_memory_win.cc(73)] ReadMemory at 0x7ffd330d0000 of 64 bytes failed: Only part of a ReadProcessMemory or WriteProcessMemory request was completed. (0x12B)
[0624/165136.761:WARNING:pe_image_reader.cc(340)] could not read dos header from C:\WINDOWS\SYSTEM32\SSPICLI.DLL
[0624/165136.761:ERROR:process_memory_win.cc(73)] ReadMemory at 0x7ffd32bc0000 of 64 bytes failed: Only part of a ReadProcessMemory or WriteProcessMemory request was completed. (0x12B)
[0624/165136.761:WARNING:pe_image_reader.cc(340)] could not read dos header from C:\WINDOWS\SYSTEM32\CRYPTBASE.DLL
[0624/165136.761:ERROR:process_memory_win.cc(73)] ReadMemory at 0x7ff665720000 of 64 bytes failed: Only part of a ReadProcessMemory or WriteProcessMemory request was completed. (0x12B)
[0624/165136.762:WARNING:pe_image_reader.cc(340)] could not read dos header from C:\Program Files (x86)\Google\Chrome\Application\chrome.exe
[0624/165136.762:ERROR:process_memory_win.cc(73)] ReadMemory at 0x7ffd36240000 of 64 bytes failed: Only part of a ReadProcessMemory or WriteProcessMemory request was completed. (0x12B)
[0624/165136.762:WARNING:pe_image_reader.cc(340)] could not read dos header from C:\WINDOWS\SYSTEM32\ntdll.dll
[0624/165136.762:ERROR:process_memory_win.cc(73)] ReadMemory at 0x7ffd34680000 of 64 bytes failed: Only part of a ReadProcessMemory or WriteProcessMemory request was completed. (0x12B)
[0624/165136.762:WARNING:pe_image_reader.cc(340)] could not read dos header from C:\WINDOWS\System32\KERNEL32.DLL
[0624/165136.762:ERROR:process_memory_win.cc(73)] ReadMemory at 0x7ffd340c0000 of 64 bytes failed: Only part of a ReadProcessMemory or WriteProcessMemory request was completed. (0x12B)
[0624/165136.762:WARNING:pe_image_reader.cc(340)] could not read dos header from C:\WINDOWS\System32\KERNELBASE.dll
[0624/165136.762:ERROR:process_memory_win.cc(73)] ReadMemory at 0x7ffcffd10000 of 64 bytes failed: Only part of a ReadProcessMemory or WriteProcessMemory request was completed. (0x12B)
[0624/165136.762:WARNING:pe_image_reader.cc(340)] could not read dos header from C:\Program Files (x86)\Google\Chrome\Application\83.0.4103.116\chrome_elf.dll
[0624/165136.762:ERROR:process_memory_win.cc(73)] ReadMemory at 0x7ffd2bf70000 of 64 bytes failed: Only part of a ReadProcessMemory or WriteProcessMemory request was completed. (0x12B)
[0624/165136.762:WARNING:pe_image_reader.cc(340)] could not read dos header from C:\WINDOWS\SYSTEM32\VERSION.dll
[0624/165136.762:ERROR:process_memory_win.cc(73)] ReadMemory at 0x7ffd35ee0000 of 64 bytes failed: Only part of a ReadProcessMemory or WriteProcessMemory request was completed. (0x12B)
[0624/165136.762:WARNING:pe_image_reader.cc(340)] could not read dos header from C:\WINDOWS\System32\msvcrt.dll
[0624/165136.762:ERROR:process_memory_win.cc(73)] ReadMemory at 0x7ffd332b0000 of 64 bytes failed: Only part of a ReadProcessMemory or WriteProcessMemory request was completed. (0x12B)
[0624/165136.762:WARNING:pe_image_reader.cc(340)] could not read dos header from C:\WINDOWS\System32\bcryptPrimitives.dll
[0624/165136.762:ERROR:process_memory_win.cc(73)] ReadMemory at 0x7ffd34470000 of 64 bytes failed: Only part of a ReadProcessMemory or WriteProcessMemory request was completed. (0x12B)
[0624/165136.762:WARNING:pe_image_reader.cc(340)] could not read dos header from C:\WINDOWS\System32\ADVAPI32.dll
[0624/165136.762:ERROR:process_memory_win.cc(73)] ReadMemory at 0x7ffd343d0000 of 64 bytes failed: Only part of a ReadProcessMemory or WriteProcessMemory request was completed. (0x12B)
[0624/165136.762:WARNING:pe_image_reader.cc(340)] could not read dos header from C:\WINDOWS\System32\sechost.dll
[0624/165136.762:ERROR:process_memory_win.cc(73)] ReadMemory at 0x7ffd35060000 of 64 bytes failed: Only part of a ReadProcessMemory or WriteProcessMemory request was completed. (0x12B)
[0624/165136.762:WARNING:pe_image_reader.cc(340)] could not read dos header from C:\WINDOWS\System32\RPCRT4.dll
[0624/165136.762:ERROR:process_memory_win.cc(73)] ReadMemory at 0x7ffccdf40000 of 64 bytes failed: Only part of a ReadProcessMemory or WriteProcessMemory request was completed. (0x12B)
[0624/165136.762:WARNING:pe_image_reader.cc(340)] could not read dos header from C:\Program Files (x86)\Google\Chrome\Application\83.0.4103.116\chrome.dll
[0624/165136.762:ERROR:process_memory_win.cc(73)] ReadMemory at 0x7ffd356e0000 of 64 bytes failed: Only part of a ReadProcessMemory or WriteProcessMemory request was completed. (0x12B)
[0624/165136.762:WARNING:pe_image_reader.cc(340)] could not read dos header from C:\WINDOWS\System32\WS2_32.dll
[0624/165136.763:ERROR:process_memory_win.cc(73)] ReadMemory at 0x7ffd34f90000 of 64 bytes failed: Only part of a ReadProcessMemory or WriteProcessMemory request was completed. (0x12B)
[0624/165136.763:WARNING:pe_image_reader.cc(340)] could not read dos header from C:\WINDOWS\System32\OLEAUT32.dll
[0624/165136.763:ERROR:process_memory_win.cc(73)] ReadMemory at 0x7ffd336a0000 of 64 bytes failed: Only part of a ReadProcessMemory or WriteProcessMemory request was completed. (0x12B)
[0624/165136.763:WARNING:pe_image_reader.cc(340)] could not read dos header from C:\WINDOWS\System32\msvcp_win.dll
[0624/165136.763:ERROR:process_memory_win.cc(73)] ReadMemory at 0x7ffd33550000 of 64 bytes failed: Only part of a ReadProcessMemory or WriteProcessMemory request was completed. (0x12B)
[0624/165136.763:WARNING:pe_image_reader.cc(340)] could not read dos header from C:\WINDOWS\System32\ucrtbase.dll
[0624/165136.763:ERROR:process_memory_win.cc(73)] ReadMemory at 0x7ffd35180000 of 64 bytes failed: Only part of a ReadProcessMemory or WriteProcessMemory request was completed. (0x12B)
[0624/165136.763:WARNING:pe_image_reader.cc(340)] could not read dos header from C:\WINDOWS\System32\combase.dll
[0624/165136.763:ERROR:process_memory_win.cc(73)] ReadMemory at 0x7ffd34370000 of 64 bytes failed: Only part of a ReadProcessMemory or WriteProcessMemory request was completed. (0x12B)
[0624/165136.763:WARNING:pe_image_reader.cc(340)] could not read dos header from C:\WINDOWS\System32\WINTRUST.dll
[0624/165136.763:ERROR:process_memory_win.cc(73)] ReadMemory at 0x7ffd33260000 of 64 bytes failed: Only part of a ReadProcessMemory or WriteProcessMemory request was completed. (0x12B)
[0624/165136.763:WARNING:pe_image_reader.cc(340)] could not read dos header from C:\WINDOWS\System32\MSASN1.dll
[0624/165136.763:ERROR:process_memory_win.cc(73)] ReadMemory at 0x7ffd337f0000 of 64 bytes failed: Only part of a ReadProcessMemory or WriteProcessMemory request was completed. (0x12B)
[0624/165136.763:WARNING:pe_image_reader.cc(340)] could not read dos header from C:\WINDOWS\System32\CRYPT32.dll
[0624/165136.763:ERROR:process_memory_win.cc(73)] ReadMemory at 0x7ffd32700000 of 64 bytes failed: Only part of a ReadProcessMemory or WriteProcessMemory request was completed. (0x12B)
[0624/165136.763:WARNING:pe_image_reader.cc(340)] could not read dos header from C:\WINDOWS\SYSTEM32\IPHLPAPI.DLL
[0624/165136.763:ERROR:process_memory_win.cc(73)] ReadMemory at 0x7ffd30500000 of 64 bytes failed: Only part of a ReadProcessMemory or WriteProcessMemory request was completed. (0x12B)
[0624/165136.763:WARNING:pe_image_reader.cc(340)] could not read dos header from C:\WINDOWS\SYSTEM32\WINMM.dll
[0624/165136.763:ERROR:process_memory_win.cc(73)] ReadMemory at 0x7ffd2e5c0000 of 64 bytes failed: Only part of a ReadProcessMemory or WriteProcessMemory request was completed. (0x12B)
[0624/165136.763:WARNING:pe_image_reader.cc(340)] could not read dos header from C:\WINDOWS\SYSTEM32\Secur32.dll
[0624/165136.763:ERROR:process_memory_win.cc(73)] ReadMemory at 0x7ffd33100000 of 64 bytes failed: Only part of a ReadProcessMemory or WriteProcessMemory request was completed. (0x12B)
[0624/165136.763:WARNING:pe_image_reader.cc(340)] could not read dos header from C:\WINDOWS\SYSTEM32\USERENV.dll
[0624/165136.763:ERROR:process_memory_win.cc(73)] ReadMemory at 0x7ffd33280000 of 64 bytes failed: Only part of a ReadProcessMemory or WriteProcessMemory request was completed. (0x12B)
[0624/165136.763:WARNING:pe_image_reader.cc(340)] could not read dos header from C:\WINDOWS\System32\profapi.dll
[0624/165136.764:ERROR:process_memory_win.cc(73)] ReadMemory at 0x7ffd08030000 of 64 bytes failed: Only part of a ReadProcessMemory or WriteProcessMemory request was completed. (0x12B)
[0624/165136.764:WARNING:pe_image_reader.cc(340)] could not read dos header from C:\WINDOWS\SYSTEM32\UIAutomationCore.DLL
[0624/165136.764:ERROR:process_memory_win.cc(73)] ReadMemory at 0x7ffd1d550000 of 64 bytes failed: Only part of a ReadProcessMemory or WriteProcessMemory request was completed. (0x12B)
[0624/165136.764:WARNING:pe_image_reader.cc(340)] could not read dos header from C:\WINDOWS\SYSTEM32\DWrite.dll
[0624/165136.764:ERROR:process_memory_win.cc(73)] ReadMemory at 0x7ffd259d0000 of 64 bytes failed: Only part of a ReadProcessMemory or WriteProcessMemory request was completed. (0x12B)
[0624/165136.764:WARNING:pe_image_reader.cc(340)] could not read dos header from C:\WINDOWS\SYSTEM32\WINSPOOL.DRV
[0624/165136.764:ERROR:process_memory_win.cc(73)] ReadMemory at 0x7ffd331f0000 of 64 bytes failed: Only part of a ReadProcessMemory or WriteProcessMemory request was completed. (0x12B)
[0624/165136.764:WARNING:pe_image_reader.cc(340)] could not read dos header from C:\WINDOWS\System32\kernel.appcore.dll
[0624/165136.764:ERROR:process_memory_win.cc(73)] ReadMemory at 0x7ffd33520000 of 64 bytes failed: Only part of a ReadProcessMemory or WriteProcessMemory request was completed. (0x12B)
[0624/165136.764:WARNING:pe_image_reader.cc(340)] could not read dos header from C:\WINDOWS\System32\bcrypt.dll
[0624/165136.764:ERROR:process_memory_win.cc(73)] ReadMemory at 0x7ffd31ab0000 of 64 bytes failed: Only part of a ReadProcessMemory or WriteProcessMemory request was completed. (0x12B)
[0624/165136.764:WARNING:pe_image_reader.cc(340)] could not read dos header from C:\WINDOWS\SYSTEM32\dbghelp.dll
[0624/165136.764:ERROR:process_memory_win.cc(73)] ReadMemory at 0x7ffd2b2b0000 of 64 bytes failed: Only part of a ReadProcessMemory or WriteProcessMemory request was completed. (0x12B)
[0624/165136.764:WARNING:pe_image_reader.cc(340)] could not read dos header from C:\WINDOWS\SYSTEM32\WINHTTP.dll
[0624/165136.764:ERROR:process_memory_win.cc(73)] ReadMemory at 0x7ffd2a350000 of 64 bytes failed: Only part of a ReadProcessMemory or WriteProcessMemory request was completed. (0x12B)
[0624/165136.764:WARNING:pe_image_reader.cc(340)] could not read dos header from C:\WINDOWS\SYSTEM32\dhcpcsvc.DLL
[0624/165136.764:ERROR:process_memory_win.cc(73)] ReadMemory at 0x7ffd36120000 of 64 bytes failed: Only part of a ReadProcessMemory or WriteProcessMemory request was completed. (0x12B)
[0624/165136.764:WARNING:pe_image_reader.cc(340)] could not read dos header from C:\WINDOWS\System32\NSI.dll
[0624/165136.764:ERROR:process_memory_win.cc(73)] ReadMemory at 0x7ffd304d0000 of 64 bytes failed: Only part of a ReadProcessMemory or WriteProcessMemory request was completed. (0x12B)
[0624/165136.764:WARNING:pe_image_reader.cc(340)] could not read dos header from C:\WINDOWS\SYSTEM32\WINMMBASE.dll
[0624/165136.764:ERROR:process_memory_win.cc(73)] ReadMemory at 0x7ffd334d0000 of 64 bytes failed: Only part of a ReadProcessMemory or WriteProcessMemory request was completed. (0x12B)
[0624/165136.764:WARNING:pe_image_reader.cc(340)] could not read dos header from C:\WINDOWS\System32\cfgmgr32.dll
[0624/165136.765:ERROR:process_memory_win.cc(73)] ReadMemory at 0x7ffd315e0000 of 64 bytes failed: Only part of a ReadProcessMemory or WriteProcessMemory request was completed. (0x12B)
[0624/165136.765:WARNING:pe_image_reader.cc(340)] could not read dos header from C:\WINDOWS\SYSTEM32\PROPSYS.dll
[0624/165136.765:ERROR:process_memory_win.cc(73)] ReadMemory at 0x7ffd35630000 of 64 bytes failed: Only part of a ReadProcessMemory or WriteProcessMemory request was completed. (0x12B)
[0624/165136.765:WARNING:pe_image_reader.cc(340)] could not read dos header from C:\WINDOWS\System32\shcore.dll
[0624/165136.765:ERROR:process_memory_win.cc(73)] ReadMemory at 0x7ffd330d0000 of 64 bytes failed: Only part of a ReadProcessMemory or WriteProcessMemory request was completed. (0x12B)
[0624/165136.765:WARNING:pe_image_reader.cc(340)] could not read dos header from C:\WINDOWS\SYSTEM32\SSPICLI.DLL
[0624/165136.765:ERROR:process_memory_win.cc(73)] ReadMemory at 0x7ffd32bc0000 of 64 bytes failed: Only part of a ReadProcessMemory or WriteProcessMemory request was completed. (0x12B)
[0624/165136.765:WARNING:pe_image_reader.cc(340)] could not read dos header from C:\WINDOWS\SYSTEM32\CRYPTBASE.DLL
[0624/165136.948:ERROR:process_memory_win.cc(73)] ReadMemory at 0xa7999ec000 of 81920 bytes failed: Only part of a ReadProcessMemory or WriteProcessMemory request was completed. (0x12B)
[0624/165136.949:ERROR:process_memory_win.cc(73)] ReadMemory at 0xa79a1fd000 of 12288 bytes failed: Only part of a ReadProcessMemory or WriteProcessMemory request was completed. (0x12B)
[0624/165136.949:ERROR:process_memory_win.cc(73)] ReadMemory at 0xa79b1fd000 of 12288 bytes failed: Only part of a ReadProcessMemory or WriteProcessMemory request was completed. (0x12B)
[0624/165136.949:ERROR:process_memory_win.cc(73)] ReadMemory at 0xa79b9fb000 of 20480 bytes failed: Only part of a ReadProcessMemory or WriteProcessMemory request was completed. (0x12B)
[0624/165136.950:ERROR:process_memory_win.cc(73)] ReadMemory at 0xa79c1ff000 of 4096 bytes failed: Only part of a ReadProcessMemory or WriteProcessMemory request was completed. (0x12B)
[0624/165136.950:ERROR:process_memory_win.cc(73)] ReadMemory at 0xa79c9fd000 of 12288 bytes failed: Only part of a ReadProcessMemory or WriteProcessMemory request was completed. (0x12B)
[0624/165136.950:ERROR:process_memory_win.cc(73)] ReadMemory at 0xa79d1fb000 of 20480 bytes failed: Only part of a ReadProcessMemory or WriteProcessMemory request was completed. (0x12B)
[0624/165136.950:ERROR:process_memory_win.cc(73)] ReadMemory at 0xa79d9fd000 of 12288 bytes failed: Only part of a ReadProcessMemory or WriteProcessMemory request was completed. (0x12B)
[0624/165136.950:ERROR:process_memory_win.cc(73)] ReadMemory at 0xa79e1f5000 of 45056 bytes failed: Only part of a ReadProcessMemory or WriteProcessMemory request was completed. (0x12B)
[0624/165136.950:ERROR:process_memory_win.cc(73)] ReadMemory at 0xa79e9f6000 of 40960 bytes failed: Only part of a ReadProcessMemory or WriteProcessMemory request was completed. (0x12B)
[0624/165136.950:ERROR:process_memory_win.cc(73)] ReadMemory at 0xa79f1fa000 of 24576 bytes failed: Only part of a ReadProcessMemory or WriteProcessMemory request was completed. (0x12B)
[0624/165136.950:ERROR:process_memory_win.cc(73)] ReadMemory at 0xa79f9fd000 of 12288 bytes failed: Only part of a ReadProcessMemory or WriteProcessMemory request was completed. (0x12B)
[0624/165136.950:ERROR:process_memory_win.cc(73)] ReadMemory at 0xa7a01f6000 of 40960 bytes failed: Only part of a ReadProcessMemory or WriteProcessMemory request was completed. (0x12B)
[0624/165136.951:ERROR:process_memory_win.cc(73)] ReadMemory at 0xa79a9fc000 of 16384 bytes failed: Only part of a ReadProcessMemory or WriteProcessMemory request was completed. (0x12B)
[0624/165136.951:ERROR:process_memory_win.cc(73)] ReadMemory at 0xa7a09fc000 of 16384 bytes failed: Only part of a ReadProcessMemory or WriteProcessMemory request was completed. (0x12B)
[0624/165136.951:ERROR:process_memory_win.cc(73)] ReadMemory at 0xa7a11fe000 of 8192 bytes failed: Only part of a ReadProcessMemory or WriteProcessMemory request was completed. (0x12B)
[0624/165136.951:ERROR:process_memory_win.cc(73)] ReadMemory at 0xa799000000 of 6024 bytes failed: Only part of a ReadProcessMemory or WriteProcessMemory request was completed. (0x12B)
[0624/165136.951:ERROR:process_memory_win.cc(73)] ReadMemory at 0xa799002000 of 6024 bytes failed: Only part of a ReadProcessMemory or WriteProcessMemory request was completed. (0x12B)
[0624/165136.951:ERROR:process_memory_win.cc(73)] ReadMemory at 0xa79900a000 of 6024 bytes failed: Only part of a ReadProcessMemory or WriteProcessMemory request was completed. (0x12B)
[0624/165136.951:ERROR:process_memory_win.cc(73)] ReadMemory at 0xa7990d6000 of 6024 bytes failed: Only part of a ReadProcessMemory or WriteProcessMemory request was completed. (0x12B)
[0624/165136.951:ERROR:process_memory_win.cc(73)] ReadMemory at 0xa7990da000 of 6024 bytes failed: Only part of a ReadProcessMemory or WriteProcessMemory request was completed. (0x12B)
[0624/165136.952:ERROR:process_memory_win.cc(73)] ReadMemory at 0xa7990dc000 of 6024 bytes failed: Only part of a ReadProcessMemory or WriteProcessMemory request was completed. (0x12B)
[0624/165136.952:ERROR:process_memory_win.cc(73)] ReadMemory at 0xa7990de000 of 6024 bytes failed: Only part of a ReadProcessMemory or WriteProcessMemory request was completed. (0x12B)
[0624/165136.952:ERROR:process_memory_win.cc(73)] ReadMemory at 0xa7991ea000 of 852 bytes failed: Only part of a ReadProcessMemory or WriteProcessMemory request was completed. (0x12B)
[0624/165136.952:ERROR:process_memory_win.cc(73)] ReadMemory at 0xa7991eb000 of 6024 bytes failed: Only part of a ReadProcessMemory or WriteProcessMemory request was completed. (0x12B)
[0624/165136.952:ERROR:process_memory_win.cc(73)] ReadMemory at 0xa7991ed000 of 6024 bytes failed: Only part of a ReadProcessMemory or WriteProcessMemory request was completed. (0x12B)
[0624/165136.952:ERROR:process_memory_win.cc(73)] ReadMemory at 0xa7991f1000 of 6024 bytes failed: Only part of a ReadProcessMemory or WriteProcessMemory request was completed. (0x12B)
[0624/165136.952:ERROR:process_memory_win.cc(73)] ReadMemory at 0xa7991f3000 of 6024 bytes failed: Only part of a ReadProcessMemory or WriteProcessMemory request was completed. (0x12B)
[0624/165136.952:ERROR:process_memory_win.cc(73)] ReadMemory at 0xa7991f5000 of 6024 bytes failed: Only part of a ReadProcessMemory or WriteProcessMemory request was completed. (0x12B)
[0624/165136.953:ERROR:process_memory_win.cc(73)] ReadMemory at 0xa7991f7000 of 6024 bytes failed: Only part of a ReadProcessMemory or WriteProcessMemory request was completed. (0x12B)
[0624/165136.953:ERROR:process_memory_win.cc(73)] ReadMemory at 0xa7991f9000 of 6024 bytes failed: Only part of a ReadProcessMemory or WriteProcessMemory request was completed. (0x12B)
[0624/165136.953:ERROR:process_memory_win.cc(73)] ReadMemory at 0xa7991fb000 of 6024 bytes failed: Only part of a ReadProcessMemory or WriteProcessMemory request was completed. (0x12B)
[0624/165136.953:ERROR:process_memory_win.cc(73)] ReadMemory at 0xa7991fd000 of 6024 bytes failed: Only part of a ReadProcessMemory or WriteProcessMemory request was completed. (0x12B)
[0624/165136.953:ERROR:process_memory_win.cc(73)] ReadMemory at 0x1e3a4ad0750 of 80 bytes failed: Only part of a ReadProcessMemory or WriteProcessMemory request was completed. (0x12B)
[0624/165136.953:ERROR:process_memory_win.cc(73)] ReadMemory at 0x1e3a4ad0fe0 of 19594 bytes failed: Only part of a ReadProcessMemory or WriteProcessMemory request was completed. (0x12B)
[0624/165136.953:ERROR:process_memory_win.cc(73)] ReadMemory at 0x1e3a4ad5c80 of 1012 bytes failed: Only part of a ReadProcessMemory or WriteProcessMemory request was completed. (0x12B)
[0624/165136.953:ERROR:process_memory_win.cc(73)] ReadMemory at 0x1e3a4ad62c8 of 118 bytes failed: Only part of a ReadProcessMemory or WriteProcessMemory request was completed. (0x12B)
[0624/165136.971:ERROR:process_memory_win.cc(73)] ReadMemory at 0x1e3a4ad6340 of 750 bytes failed: Only part of a ReadProcessMemory or WriteProcessMemory request was completed. (0x12B)
[0624/165136.971:ERROR:process_memory_win.cc(73)] ReadMemory at 0x1e3a4ad6630 of 118 bytes failed: Only part of a ReadProcessMemory or WriteProcessMemory request was completed. (0x12B)
[0624/165136.971:ERROR:process_memory_win.cc(73)] ReadMemory at 0x1e3a4ad66a8 of 98 bytes failed: Only part of a ReadProcessMemory or WriteProcessMemory request was completed. (0x12B)
[0624/165136.971:ERROR:process_memory_win.cc(73)] ReadMemory at 0x1e3a4ad6720 of 58 bytes failed: Only part of a ReadProcessMemory or WriteProcessMemory request was completed. (0x12B)
[0624/165136.997:ERROR:process_memory_win.cc(73)] ReadMemory at 0x1e3a4ad6820 of 132 bytes failed: Only part of a ReadProcessMemory or WriteProcessMemory request was completed. (0x12B)
[0624/165136.997:ERROR:process_memory_win.cc(73)] ReadMemory at 0x1e3a4ad69b0 of 132 bytes failed: Only part of a ReadProcessMemory or WriteProcessMemory request was completed. (0x12B)
[0624/165137.042:ERROR:process_memory_win.cc(73)] ReadMemory at 0x1e3a4ad6b70 of 126 bytes failed: Only part of a ReadProcessMemory or WriteProcessMemory request was completed. (0x12B)
[0624/165137.042:ERROR:process_memory_win.cc(73)] ReadMemory at 0x1e3a4ad6f50 of 132 bytes failed: Only part of a ReadProcessMemory or WriteProcessMemory request was completed. (0x12B)
[0624/165137.094:ERROR:process_memory_win.cc(73)] ReadMemory at 0x1e3a4ad70e0 of 64 bytes failed: Only part of a ReadProcessMemory or WriteProcessMemory request was completed. (0x12B)
[0624/165137.094:ERROR:process_memory_win.cc(73)] ReadMemory at 0x1e3a4ad72a0 of 132 bytes failed: Only part of a ReadProcessMemory or WriteProcessMemory request was completed. (0x12B)
[0624/165137.094:ERROR:process_memory_win.cc(73)] ReadMemory at 0x1e3a4ad7540 of 132 bytes failed: Only part of a ReadProcessMemory or WriteProcessMemory request was completed. (0x12B)
[0624/165137.106:ERROR:process_memory_win.cc(73)] ReadMemory at 0x1e3a4ad76d0 of 68 bytes failed: Only part of a ReadProcessMemory or WriteProcessMemory request was completed. (0x12B)
[0624/165137.106:ERROR:process_memory_win.cc(73)] ReadMemory at 0x1e3a4ad8790 of 132 bytes failed: Only part of a ReadProcessMemory or WriteProcessMemory request was completed. (0x12B)
[0624/165137.106:ERROR:process_memory_win.cc(73)] ReadMemory at 0x1e3a4ad8920 of 154 bytes failed: Only part of a ReadProcessMemory or WriteProcessMemory request was completed. (0x12B)
[0624/165137.106:ERROR:process_memory_win.cc(73)] ReadMemory at 0x1e3a4ad9e20 of 132 bytes failed: Only part of a ReadProcessMemory or WriteProcessMemory request was completed. (0x12B)
[0624/165137.247:ERROR:process_memory_win.cc(73)] ReadMemory at 0x1e3a4adab20 of 62 bytes failed: Only part of a ReadProcessMemory or WriteProcessMemory request was completed. (0x12B)
[0624/165137.248:ERROR:process_memory_win.cc(73)] ReadMemory at 0x1e3a4adaba0 of 146 bytes failed: Only part of a ReadProcessMemory or WriteProcessMemory request was completed. (0x12B)
[0624/165137.248:ERROR:process_memory_win.cc(73)] ReadMemory at 0x1e3a4adac80 of 132 bytes failed: Only part of a ReadProcessMemory or WriteProcessMemory request was completed. (0x12B)
[0624/165137.248:ERROR:process_memory_win.cc(73)] ReadMemory at 0x1e3a4adae10 of 60 bytes failed: Only part of a ReadProcessMemory or WriteProcessMemory request was completed. (0x12B)
[0624/165137.324:ERROR:process_memory_win.cc(73)] ReadMemory at 0x1e3a4adb6e0 of 132 bytes failed: Only part of a ReadProcessMemory or WriteProcessMemory request was completed. (0x12B)
[0624/165137.324:ERROR:process_memory_win.cc(73)] ReadMemory at 0x1e3a4adb8f0 of 132 bytes failed: Only part of a ReadProcessMemory or WriteProcessMemory request was completed. (0x12B)
[0624/165137.324:ERROR:process_memory_win.cc(73)] ReadMemory at 0x1e3a4adc1c0 of 132 bytes failed: Only part of a ReadProcessMemory or WriteProcessMemory request was completed. (0x12B)
[0624/165137.324:ERROR:process_memory_win.cc(73)] ReadMemory at 0x1e3a4adf0c0 of 60 bytes failed: Only part of a ReadProcessMemory or WriteProcessMemory request was completed. (0x12B)
[0624/165137.403:ERROR:process_memory_win.cc(73)] ReadMemory at 0x1e3a4adf160 of 64 bytes failed: Only part of a ReadProcessMemory or WriteProcessMemory request was completed. (0x12B)
[0624/165137.403:ERROR:process_memory_win.cc(73)] ReadMemory at 0x1e3a4adf1b0 of 64 bytes failed: Only part of a ReadProcessMemory or WriteProcessMemory request was completed. (0x12B)
[0624/165137.416:ERROR:process_memory_win.cc(73)] ReadMemory at 0x1e3a4adf200 of 64 bytes failed: Only part of a ReadProcessMemory or WriteProcessMemory request was completed. (0x12B)
[0624/165137.416:ERROR:process_memory_win.cc(73)] ReadMemory at 0x1e3a4adf4d0 of 62 bytes failed: Only part of a ReadProcessMemory or WriteProcessMemory request was completed. (0x12B)
[0624/165137.416:ERROR:process_memory_win.cc(73)] ReadMemory at 0x1e3a4adf520 of 62 bytes failed: Only part of a ReadProcessMemory or WriteProcessMemory request was completed. (0x12B)
[0624/165137.416:ERROR:process_memory_win.cc(73)] ReadMemory at 0x1e3a4adf570 of 66 bytes failed: Only part of a ReadProcessMemory or WriteProcessMemory request was completed. (0x12B)
[0624/165137.416:ERROR:process_memory_win.cc(73)] ReadMemory at 0x1e3a4adf610 of 64 bytes failed: Only part of a ReadProcessMemory or WriteProcessMemory request was completed. (0x12B)
[0624/165137.416:ERROR:process_memory_win.cc(73)] ReadMemory at 0x1e3a4adf7f0 of 60 bytes failed: Only part of a ReadProcessMemory or WriteProcessMemory request was completed. (0x12B)
[0624/165137.417:ERROR:process_memory_win.cc(73)] ReadMemory at 0x1e3a4adfa50 of 76 bytes failed: Only part of a ReadProcessMemory or WriteProcessMemory request was completed. (0x12B)
[0624/165137.417:ERROR:process_memory_win.cc(73)] ReadMemory at 0x1e3a4ae0710 of 80 bytes failed: Only part of a ReadProcessMemory or WriteProcessMemory request was completed. (0x12B)
[0624/165137.417:ERROR:process_memory_win.cc(73)] ReadMemory at 0x1e3a4ae1aa0 of 132 bytes failed: Only part of a ReadProcessMemory or WriteProcessMemory request was completed. (0x12B)
[0624/165137.451:ERROR:process_memory_win.cc(73)] ReadMemory at 0x1e3a4ae1cc0 of 132 bytes failed: Only part of a ReadProcessMemory or WriteProcessMemory request was completed. (0x12B)
[0624/165137.451:ERROR:process_memory_win.cc(73)] ReadMemory at 0x1e3a4ae1ee0 of 132 bytes failed: Only part of a ReadProcessMemory or WriteProcessMemory request was completed. (0x12B)
[0624/165137.451:ERROR:process_memory_win.cc(73)] ReadMemory at 0x1e3a4ae5a60 of 54 bytes failed: Only part of a ReadProcessMemory or WriteProcessMemory request was completed. (0x12B)
[0624/165137.452:ERROR:process_memory_win.cc(73)] ReadMemory at 0x1e3a4ae6b80 of 132 bytes failed: Only part of a ReadProcessMemory or WriteProcessMemory request was completed. (0x12B)
[0624/165137.452:ERROR:process_memory_win.cc(73)] ReadMemory at 0x1e3a4ae6cb0 of 132 bytes failed: Only part of a ReadProcessMemory or WriteProcessMemory request was completed. (0x12B)
[0624/165137.452:ERROR:process_memory_win.cc(73)] ReadMemory at 0x1e3a4ae9c10 of 132 bytes failed: Only part of a ReadProcessMemory or WriteProcessMemory request was completed. (0x12B)
[0624/165137.452:ERROR:process_memory_win.cc(73)] ReadMemory at 0x1e3a4aeba30 of 132 bytes failed: Only part of a ReadProcessMemory or WriteProcessMemory request was completed. (0x12B)
[0624/165137.452:ERROR:process_memory_win.cc(73)] ReadMemory at 0x1e3a4aebb60 of 132 bytes failed: Only part of a ReadProcessMemory or WriteProcessMemory request was completed. (0x12B)
[0624/165137.452:ERROR:process_memory_win.cc(73)] ReadMemory at 0x1e3a4aebc90 of 132 bytes failed: Only part of a ReadProcessMemory or WriteProcessMemory request was completed. (0x12B)
[0624/165137.452:ERROR:process_memory_win.cc(73)] ReadMemory at 0x1e3a4aebdc0 of 132 bytes failed: Only part of a ReadProcessMemory or WriteProcessMemory request was completed. (0x12B)
[0624/165137.452:ERROR:process_memory_win.cc(73)] ReadMemory at 0x1e3a4aebef0 of 132 bytes failed: Only part of a ReadProcessMemory or WriteProcessMemory request was completed. (0x12B)
[0624/165137.506:ERROR:process_memory_win.cc(73)] ReadMemory at 0x1e3a4aec150 of 132 bytes failed: Only part of a ReadProcessMemory or WriteProcessMemory request was completed. (0x12B)
[0624/165137.541:ERROR:process_memory_win.cc(73)] ReadMemory at 0x1e3a4aec280 of 132 bytes failed: Only part of a ReadProcessMemory or WriteProcessMemory request was completed. (0x12B)
[0624/165137.541:ERROR:process_memory_win.cc(73)] ReadMemory at 0x1e3a4aec3b0 of 132 bytes failed: Only part of a ReadProcessMemory or WriteProcessMemory request was completed. (0x12B)
[0624/165137.560:ERROR:process_memory_win.cc(73)] ReadMemory at 0x1e3a4aec4e0 of 132 bytes failed: Only part of a ReadProcessMemory or WriteProcessMemory request was completed. (0x12B)
[0624/165137.560:ERROR:process_memory_win.cc(73)] ReadMemory at 0x1e3a4aec610 of 132 bytes failed: Only part of a ReadProcessMemory or WriteProcessMemory request was completed. (0x12B)
[0624/165137.560:ERROR:process_memory_win.cc(73)] ReadMemory at 0x1e3a4aec740 of 132 bytes failed: Only part of a ReadProcessMemory or WriteProcessMemory request was completed. (0x12B)
[0624/165137.560:ERROR:process_memory_win.cc(73)] ReadMemory at 0x1e3a4aec870 of 132 bytes failed: Only part of a ReadProcessMemory or WriteProcessMemory request was completed. (0x12B)
[0624/165137.560:ERROR:process_memory_win.cc(73)] ReadMemory at 0x1e3a4aecb50 of 512 bytes failed: Only part of a ReadProcessMemory or WriteProcessMemory request was completed. (0x12B)
[0624/165137.560:ERROR:process_memory_win.cc(73)] ReadMemory at 0x1e3a4aecf70 of 62 bytes failed: Only part of a ReadProcessMemory or WriteProcessMemory request was completed. (0x12B)
[0624/165137.560:ERROR:process_memory_win.cc(73)] ReadMemory at 0x1e3a4aed010 of 62 bytes failed: Only part of a ReadProcessMemory or WriteProcessMemory request was completed. (0x12B)
[0624/165137.675:ERROR:process_memory_win.cc(73)] ReadMemory at 0x1e3a4aed060 of 64 bytes failed: Only part of a ReadProcessMemory or WriteProcessMemory request was completed. (0x12B)
[0624/165137.688:ERROR:process_memory_win.cc(73)] ReadMemory at 0x1e3a4aed150 of 60 bytes failed: Only part of a ReadProcessMemory or WriteProcessMemory request was completed. (0x12B)
[0624/165137.688:ERROR:process_memory_win.cc(73)] ReadMemory at 0x1e3a4aed290 of 60 bytes failed: Only part of a ReadProcessMemory or WriteProcessMemory request was completed. (0x12B)
[0624/165137.689:ERROR:process_memory_win.cc(73)] ReadMemory at 0x1e3a4aed2e0 of 60 bytes failed: Only part of a ReadProcessMemory or WriteProcessMemory request was completed. (0x12B)
[0624/165137.689:ERROR:process_memory_win.cc(73)] ReadMemory at 0x1e3a4aed4c0 of 62 bytes failed: Only part of a ReadProcessMemory or WriteProcessMemory request was completed. (0x12B)
[0624/165137.689:ERROR:process_memory_win.cc(73)] ReadMemory at 0x1e3a4aed5b0 of 60 bytes failed: Only part of a ReadProcessMemory or WriteProcessMemory request was completed. (0x12B)
[0624/165137.691:ERROR:process_memory_win.cc(73)] ReadMemory at 0x1e3a4aed830 of 62 bytes failed: Only part of a ReadProcessMemory or WriteProcessMemory request was completed. (0x12B)
[0624/165137.691:ERROR:process_memory_win.cc(73)] ReadMemory at 0x1e3a4aed8d0 of 64 bytes failed: Only part of a ReadProcessMemory or WriteProcessMemory request was completed. (0x12B)
[0624/165137.691:ERROR:process_memory_win.cc(73)] ReadMemory at 0x1e3a4aeda10 of 62 bytes failed: Only part of a ReadProcessMemory or WriteProcessMemory request was completed. (0x12B)
[0624/165137.691:ERROR:process_memory_win.cc(73)] ReadMemory at 0x1e3a4aeda60 of 64 bytes failed: Only part of a ReadProcessMemory or WriteProcessMemory request was completed. (0x12B)
[0624/165137.691:ERROR:process_memory_win.cc(73)] ReadMemory at 0x1e3a4aedb00 of 66 bytes failed: Only part of a ReadProcessMemory or WriteProcessMemory request was completed. (0x12B)
[0624/165137.691:ERROR:process_memory_win.cc(73)] ReadMemory at 0x1e3a4aedbf0 of 62 bytes failed: Only part of a ReadProcessMemory or WriteProcessMemory request was completed. (0x12B)
[0624/165137.692:ERROR:process_memory_win.cc(73)] ReadMemory at 0x1e3a4aedc90 of 64 bytes failed: Only part of a ReadProcessMemory or WriteProcessMemory request was completed. (0x12B)
[0624/165137.692:ERROR:process_memory_win.cc(73)] ReadMemory at 0x1e3a4aedce0 of 62 bytes failed: Only part of a ReadProcessMemory or WriteProcessMemory request was completed. (0x12B)
[0624/165137.692:ERROR:process_memory_win.cc(73)] ReadMemory at 0x1e3a4aedd30 of 58 bytes failed: Only part of a ReadProcessMemory or WriteProcessMemory request was completed. (0x12B)
[0624/165137.692:ERROR:process_memory_win.cc(73)] ReadMemory at 0x1e3a4aedec0 of 62 bytes failed: Only part of a ReadProcessMemory or WriteProcessMemory request was completed. (0x12B)
[0624/165137.692:ERROR:process_memory_win.cc(73)] ReadMemory at 0x1e3a4aedf80 of 132 bytes failed: Only part of a ReadProcessMemory or WriteProcessMemory request was completed. (0x12B)
[0624/165137.692:ERROR:process_memory_win.cc(73)] ReadMemory at 0x1e3a4aee0b0 of 132 bytes failed: Only part of a ReadProcessMemory or WriteProcessMemory request was completed. (0x12B)
[0624/165137.692:ERROR:process_memory_win.cc(73)] ReadMemory at 0x1e3a4aee310 of 132 bytes failed: Only part of a ReadProcessMemory or WriteProcessMemory request was completed. (0x12B)
[0624/165137.692:ERROR:process_memory_win.cc(73)] ReadMemory at 0x1e3a4aee440 of 132 bytes failed: Only part of a ReadProcessMemory or WriteProcessMemory request was completed. (0x12B)
[0624/165137.692:ERROR:process_memory_win.cc(73)] ReadMemory at 0x1e3a4aee900 of 132 bytes failed: Only part of a ReadProcessMemory or WriteProcessMemory request was completed. (0x12B)
[0624/165137.692:ERROR:process_memory_win.cc(73)] ReadMemory at 0x1e3a4aeea30 of 132 bytes failed: Only part of a ReadProcessMemory or WriteProcessMemory request was completed. (0x12B)
[0624/165137.786:ERROR:process_memory_win.cc(73)] ReadMemory at 0x1e3a4aeeb60 of 132 bytes failed: Only part of a ReadProcessMemory or WriteProcessMemory request was completed. (0x12B)
[0624/165137.786:ERROR:process_memory_win.cc(73)] ReadMemory at 0x1e3a4aef3b0 of 132 bytes failed: Only part of a ReadProcessMemory or WriteProcessMemory request was completed. (0x12B)
[0624/165137.884:ERROR:process_memory_win.cc(73)] ReadMemory at 0x1e3a4aef4e0 of 132 bytes failed: Only part of a ReadProcessMemory or WriteProcessMemory request was completed. (0x12B)
[0624/165137.884:ERROR:process_memory_win.cc(73)] ReadMemory at 0x1e3a4aef610 of 132 bytes failed: Only part of a ReadProcessMemory or WriteProcessMemory request was completed. (0x12B)
[0624/165137.884:ERROR:process_memory_win.cc(73)] ReadMemory at 0x1e3a4b061a0 of 512 bytes failed: Only part of a ReadProcessMemory or WriteProcessMemory request was completed. (0x12B)
[0624/165137.884:ERROR:process_memory_win.cc(73)] ReadMemory at 0x1e3a52a0788 of 512 bytes failed: Only part of a ReadProcessMemory or WriteProcessMemory request was completed. (0x12B)
[0624/165137.884:ERROR:process_memory_win.cc(73)] ReadMemory at 0x1e3a52aa610 of 712 bytes failed: Only part of a ReadProcessMemory or WriteProcessMemory request was completed. (0x12B)
[0624/165138.024:ERROR:process_memory_win.cc(73)] ReadMemory at 0x1e3a52b4700 of 512 bytes failed: Only part of a ReadProcessMemory or WriteProcessMemory request was completed. (0x12B)
[0624/165138.024:ERROR:process_memory_win.cc(73)] ReadMemory at 0x1e3a68b0000 of 384 bytes failed: Only part of a ReadProcessMemory or WriteProcessMemory request was completed. (0x12B)
[0624/165138.025:ERROR:process_memory_win.cc(73)] ReadMemory at 0x1e3a68b8270 of 512 bytes failed: Only part of a ReadProcessMemory or WriteProcessMemory request was completed. (0x12B)
[0624/165138.025:ERROR:process_memory_win.cc(73)] ReadMemory at 0x1e3a68c2330 of 512 bytes failed: Only part of a ReadProcessMemory or WriteProcessMemory request was completed. (0x12B)
[0624/165138.025:ERROR:process_memory_win.cc(73)] ReadMemory at 0x1e3a693b3a0 of 512 bytes failed: Only part of a ReadProcessMemory or WriteProcessMemory request was completed. (0x12B)
[0624/165138.026:ERROR:process_memory_win.cc(73)] ReadMemory at 0x1e3a84a04c0 of 512 bytes failed: Only part of a ReadProcessMemory or WriteProcessMemory request was completed. (0x12B)
[0624/165138.026:ERROR:process_memory_win.cc(73)] ReadMemory at 0x1e3a8e89fa0 of 512 bytes failed: Only part of a ReadProcessMemory or WriteProcessMemory request was completed. (0x12B)
[0624/165138.026:ERROR:process_memory_win.cc(73)] ReadMemory at 0x1e3a920ace0 of 512 bytes failed: Only part of a ReadProcessMemory or WriteProcessMemory request was completed. (0x12B)
[0624/165138.026:ERROR:process_memory_win.cc(73)] ReadMemory at 0x1e3adc1e8e0 of 512 bytes failed: Only part of a ReadProcessMemory or WriteProcessMemory request was completed. (0x12B)
[0624/165138.147:ERROR:process_memory_win.cc(73)] ReadMemory at 0x1e3b2f560e0 of 512 bytes failed: Only part of a ReadProcessMemory or WriteProcessMemory request was completed. (0x12B)
[0624/165138.147:ERROR:process_memory_win.cc(73)] ReadMemory at 0x6e9f08d413b8 of 512 bytes failed: Only part of a ReadProcessMemory or WriteProcessMemory request was completed. (0x12B)
[0624/165138.147:ERROR:process_memory_win.cc(73)] ReadMemory at 0x6e9f098c9bf1 of 512 bytes failed: Only part of a ReadProcessMemory or WriteProcessMemory request was completed. (0x12B)
[0624/165138.147:ERROR:process_memory_win.cc(73)] ReadMemory at 0x6e9f0b433f6d of 515 bytes failed: Only part of a ReadProcessMemory or WriteProcessMemory request was completed. (0x12B)
[0624/165138.152:ERROR:process_memory_win.cc(73)] ReadMemory at 0x6e9f223bf3d8 of 512 bytes failed: Only part of a ReadProcessMemory or WriteProcessMemory request was completed. (0x12B)
[0624/165138.152:ERROR:process_memory_win.cc(73)] ReadMemory at 0x6e9f22cacc58 of 512 bytes failed: Only part of a ReadProcessMemory or WriteProcessMemory request was completed. (0x12B)
[0624/165138.152:ERROR:process_memory_win.cc(73)] ReadMemory at 0x7ffccf9b08c3 of 512 bytes failed: Only part of a ReadProcessMemory or WriteProcessMemory request was completed. (0x12B)
[0624/165138.152:ERROR:process_memory_win.cc(73)] ReadMemory at 0x7ffcffd379a5 of 512 bytes failed: Only part of a ReadProcessMemory or WriteProcessMemory request was completed. (0x12B)
[0624/165138.152:ERROR:process_memory_win.cc(73)] ReadMemory at 0x7ffcffd38180 of 512 bytes failed: Only part of a ReadProcessMemory or WriteProcessMemory request was completed. (0x12B)
[0624/165138.153:ERROR:process_memory_win.cc(73)] ReadMemory at 0x7ffd362dc074 of 672 bytes failed: Only part of a ReadProcessMemory or WriteProcessMemory request was completed. (0x12B)
[0624/165138.153:ERROR:process_memory_win.cc(73)] ReadMemory at 0x7ffd362df924 of 608 bytes failed: Only part of a ReadProcessMemory or WriteProcessMemory request was completed. (0x12B)
[0624/165138.153:ERROR:process_memory_win.cc(73)] ReadMemory at 0x7ffd3636c428 of 18 bytes failed: Only part of a ReadProcessMemory or WriteProcessMemory request was completed. (0x12B)
[0624/165138.153:ERROR:process_memory_win.cc(73)] ReadMemory at 0x7ffd3639f4f8 of 40 bytes failed: Only part of a ReadProcessMemory or WriteProcessMemory request was completed. (0x12B)
[0624/165138.153:ERROR:process_memory_win.cc(73)] ReadMemory at 0x7ffd3639f978 of 48 bytes failed: Only part of a ReadProcessMemory or WriteProcessMemory request was completed. (0x12B)
[0624/165138.153:ERROR:process_memory_win.cc(73)] ReadMemory at 0x7ffd363a53c0 of 64 bytes failed: Only part of a ReadProcessMemory or WriteProcessMemory request was completed. (0x12B)
[0624/165138.411:ERROR:scoped_process_suspend.cc(40)] NtResumeProcess: An attempt was made to access an exiting process. (0xc000010a)
